stdClass Object
(
    [items] => Array
        (
            [0] => stdClass Object
                (
                    [id] => xl-tshirt
                )

        )

)
stdClass Object
(
    [items] => Array
        (
            [0] => stdClass Object
                (
                    [id] => xl-tshirt
                )

        )

)
stdClass Object
(
    [items] => Array
        (
            [0] => stdClass Object
                (
                    [id] => xl-tshirt
                )

        )

)
stdClass Object
(
    [items] => Array
        (
            [0] => stdClass Object
                (
                    [id] => xl-tshirt
                )

        )

)
